2021-04-17 23:46:58,062 root INFO checking given chromedriver is working fine
2021-04-17 23:46:59,998 root INFO Passing url in browser
2021-04-17 23:47:04,071 root INFO Getting last updated value from browser
2021-04-17 23:47:04,110 root INFO Last updated: 11 Dec, 13:51
2021-04-17 23:47:04,110 root INFO Getting variable company name
2021-04-17 23:47:04,143 root INFO Company
2021-04-17 23:47:04,143 root INFO Getting the list of company availabe in web page
2021-04-17 23:47:04,303 root INFO Company Group Prev Close (Rs) Current Price (Rs) % Change
Power Finance Co A 104.7 775.5 + 3
Quess Corp A 172.3 404.7 + 2
Coffee Day Enterpris A 798.1 986.5 + 7.7
Bharat Petroleum A 373.1 395.9 + 2.9
CESC Ltd. A 976.2 112.3 + 3
REC A 953 535.6 + 4.4
Equitas Holdings Ltd A 397.7 593.8 + 7.5
Ujjivan Financial A 333.3 664.8 + 4.4
Equitas Holdings Ltd A 344.8 421.8 + 10
Power Finance Co A 359.9 155 + 5.7
Ajanta Pharma Lt A 468 695.9 + 9
Power Finance Co A 421.1 993.8 + 3.7
PI Industries A 712.2 404.1 + 9
Repco Home Finance L A 985.6 661.4 + 8.5
PI Industries A 689.4 176.3 + 6.2
Cera Sanitaryware L A 648.8 487.1 + 9.3
CESC Ltd. A 726.9 279.3 + 5.8
Marico Ltd. A 20.1 208.9 + 6
Varun Beverages Ltd. A 101 214.7 + 3.2
Bata India A 366.7 891.7 + 2.6
Nestle India A 58.5 297.5 + 3.7
Kwality A 984.1 599.1 + 3.8
NIIT Technologies A 561.3 275.8 + 2.9
Sun Pharma. A 224.4 203.7 + 3.4
PI Industries A 472.5 945.2 + 7.9
Kajaria Ceramics A 592 73.9 + 2.8
2021-04-17 23:47:04,303 root INFO Getting the SEO dropdown button
2021-04-17 23:47:04,391 root INFO None
2021-04-17 23:47:04,392 root INFO Click the SEO dropdown button
2021-04-17 23:47:07,210 root INFO None
2021-04-17 23:47:07,211 root INFO Get the list of main navigation on Page-1 like [Home, Testing, SAP etc]
2021-04-17 23:47:07,322 root INFO Home
Testing
SAP
Web
Must Learn!
Big Data
Live Projects
AI
Blog
2021-04-17 23:47:07,322 root INFO Click the Home menu-item from main_nav
2021-04-17 23:47:09,152 root INFO Get the text of input box of email id
2021-04-17 23:47:09,186 root INFO check assertion of len of title_text and menu_title
2021-04-17 23:47:09,186 root INFO Get the input box of email id
2021-04-17 23:47:09,204 root INFO passing the value in input box
2021-04-17 23:47:09,314 root INFO Click the login button below input box
2021-04-17 23:47:10,537 root INFO Get the message for user id and password on access details page
2021-04-17 23:47:10,588 root INFO check with assert if message is same as on access details page
2021-04-17 23:47:10,589 root INFO get the uid
2021-04-17 23:47:10,631 root INFO mngr47659
2021-04-17 23:47:10,631 root INFO get the pwd
2021-04-17 23:47:10,665 root INFO 123456@
